[0.041s] Invoking command in '/home/lvy/arms_ws/build/learn_moveit': CMAKE_PREFIX_PATH=${CMAKE_PREFIX_PATH}:/opt/ros/humble /usr/bin/cmake --build /home/lvy/arms_ws/build/learn_moveit -- -j4 -l4
[0.115s] [ 50%] [32mBuilding CXX object CMakeFiles/hello_moveit.dir/src/hello_moveit.cpp.o[0m
[6.495s] In file included from [01m[K/opt/ros/humble/include/rclcpp/rclcpp/logging.hpp:24[m[K,
[6.496s]                  from [01m[K/opt/ros/humble/include/rclcpp/rclcpp/client.hpp:40[m[K,
[6.496s]                  from [01m[K/opt/ros/humble/include/rclcpp/rclcpp/callback_group.hpp:24[m[K,
[6.496s]                  from [01m[K/opt/ros/humble/include/rclcpp/rclcpp/any_executable.hpp:20[m[K,
[6.496s]                  from [01m[K/opt/ros/humble/include/rclcpp/rclcpp/memory_strategy.hpp:25[m[K,
[6.496s]                  from [01m[K/opt/ros/humble/include/rclcpp/rclcpp/memory_strategies.hpp:18[m[K,
[6.496s]                  from [01m[K/opt/ros/humble/include/rclcpp/rclcpp/executor_options.hpp:20[m[K,
[6.496s]                  from [01m[K/opt/ros/humble/include/rclcpp/rclcpp/executor.hpp:37[m[K,
[6.496s]                  from [01m[K/opt/ros/humble/include/rclcpp/rclcpp/executors/multi_threaded_executor.hpp:25[m[K,
[6.496s]                  from [01m[K/opt/ros/humble/include/rclcpp/rclcpp/executors.hpp:21[m[K,
[6.496s]                  from [01m[K/opt/ros/humble/include/rclcpp/rclcpp/rclcpp.hpp:155[m[K,
[6.496s]                  from [01m[K/home/lvy/arms_ws/src/learn_moveit/src/hello_moveit.cpp:1[m[K:
[6.496s] [01m[K/home/lvy/arms_ws/src/learn_moveit/src/hello_moveit.cpp:[m[K In function â€˜[01m[Kint main(int, char**)[m[Kâ€™:
[6.496s] [01m[K/home/lvy/arms_ws/src/learn_moveit/src/hello_moveit.cpp:29:5:[m[K [01;31m[Kerror: [m[Kâ€˜[01m[Kcurrent_pose[m[Kâ€™ was not declared in this scope
[6.496s]    29 |     [01;31m[Kcurrent_pose[m[K.position.x, current_pose.position.y, current_pose.position.z);
[6.497s]       |     [01;31m[K^~~~~~~~~~~~[m[K
[6.503s] [01m[K/home/lvy/arms_ws/src/learn_moveit/src/hello_moveit.cpp:32:22:[m[K [01;31m[Kerror: [m[Kâ€˜[01m[Kcurrent_pose[m[Kâ€™ was not declared in this scope; did you mean â€˜[01m[Ktarget_pose[m[Kâ€™?
[6.503s]    32 |   auto target_pose = [01;31m[Kcurrent_pose[m[K;
[6.503s]       |                      [01;31m[K^~~~~~~~~~~~[m[K
[6.503s]       |                      [32m[Ktarget_pose[m[K
[17.462s] gmake[2]: *** [CMakeFiles/hello_moveit.dir/build.make:76ï¼šCMakeFiles/hello_moveit.dir/src/hello_moveit.cpp.o] é”™è¯¯ 1
[17.462s] gmake[1]: *** [CMakeFiles/Makefile2:137ï¼šCMakeFiles/hello_moveit.dir/all] é”™è¯¯ 2
[17.463s] gmake: *** [Makefile:146ï¼šall] é”™è¯¯ 2
[17.463s] Invoked command in '/home/lvy/arms_ws/build/learn_moveit' returned '2': CMAKE_PREFIX_PATH=${CMAKE_PREFIX_PATH}:/opt/ros/humble /usr/bin/cmake --build /home/lvy/arms_ws/build/learn_moveit -- -j4 -l4
