In file included from [01m[K/opt/ros/humble/include/rclcpp/rclcpp/client.hpp:40[m[K,
                 from [01m[K/opt/ros/humble/include/rclcpp/rclcpp/callback_group.hpp:24[m[K,
                 from [01m[K/opt/ros/humble/include/rclcpp/rclcpp/any_executable.hpp:20[m[K,
                 from [01m[K/opt/ros/humble/include/rclcpp/rclcpp/memory_strategy.hpp:25[m[K,
                 from [01m[K/opt/ros/humble/include/rclcpp/rclcpp/memory_strategies.hpp:18[m[K,
                 from [01m[K/opt/ros/humble/include/rclcpp/rclcpp/executor_options.hpp:20[m[K,
                 from [01m[K/opt/ros/humble/include/rclcpp/rclcpp/executor.hpp:37[m[K,
                 from [01m[K/opt/ros/humble/include/rclcpp/rclcpp/executors/multi_threaded_executor.hpp:25[m[K,
                 from [01m[K/opt/ros/humble/include/rclcpp/rclcpp/executors.hpp:21[m[K,
                 from [01m[K/opt/ros/humble/include/rclcpp/rclcpp/rclcpp.hpp:155[m[K,
                 from [01m[K/home/lvy/arms_ws/src/learn_moveit/src/moveit_demo1.cpp:2[m[K:
[01m[K/home/lvy/arms_ws/src/learn_moveit/src/moveit_demo1.cpp:[m[K In function â€˜[01m[Kint main(int, char**)[m[Kâ€™:
[01m[K/home/lvy/arms_ws/src/learn_moveit/src/moveit_demo1.cpp:61:17:[m[K [01;31m[Kerror: [m[Kâ€˜[01m[KLOGGER[m[Kâ€™ was not declared in this scope
   61 |     RCLCPP_INFO([01;31m[KLOGGER[m[K,"å‡†å¤‡é—­åˆå¤¹çˆª...");
      |                 [01;31m[K^~~~~~[m[K
[01m[K/home/lvy/arms_ws/src/learn_moveit/src/moveit_demo1.cpp:61:5:[m[K [01;31m[Kerror: [m[Ktemplate argument 1 is invalid
   61 |     [01;31m[KRCLCPP_INFO[m[K(LOGGER,"å‡†å¤‡é—­åˆå¤¹çˆª...");
      |     [01;31m[K^~~~~~~~~~~[m[K
[01m[K/home/lvy/arms_ws/src/learn_moveit/src/moveit_demo1.cpp:62:5:[m[K [01;31m[Kerror: [m[Kâ€˜[01m[Kmove_group_hand[m[Kâ€™ was not declared in this scope
   62 |     [01;31m[Kmove_group_hand[m[K.setNameTarget("close");
      |     [01;31m[K^~~~~~~~~~~~~~~[m[K
gmake[2]: *** [CMakeFiles/moveit_demo1.dir/build.make:76ï¼šCMakeFiles/moveit_demo1.dir/src/moveit_demo1.cpp.o] é”™è¯¯ 1
gmake[1]: *** [CMakeFiles/Makefile2:165ï¼šCMakeFiles/moveit_demo1.dir/all] é”™è¯¯ 2
gmake: *** [Makefile:146ï¼šall] é”™è¯¯ 2
