[0.047s] Invoking command in '/home/lvy/arms_ws/build/learn_moveit': CMAKE_PREFIX_PATH=${CMAKE_PREFIX_PATH}:/opt/ros/humble /usr/bin/cmake --build /home/lvy/arms_ws/build/learn_moveit -- -j4 -l4
[0.125s] [35m[1mConsolidate compiler generated dependencies of target moveit_demo1[0m
[0.210s] [ 50%] Built target hello_moveit
[0.210s] [ 75%] [32mBuilding CXX object CMakeFiles/moveit_demo1.dir/src/moveit_demo1.cpp.o[0m
[5.250s] In file included from [01m[K/opt/ros/humble/include/rclcpp/rclcpp/client.hpp:40[m[K,
[5.250s]                  from [01m[K/opt/ros/humble/include/rclcpp/rclcpp/callback_group.hpp:24[m[K,
[5.250s]                  from [01m[K/opt/ros/humble/include/rclcpp/rclcpp/any_executable.hpp:20[m[K,
[5.250s]                  from [01m[K/opt/ros/humble/include/rclcpp/rclcpp/memory_strategy.hpp:25[m[K,
[5.250s]                  from [01m[K/opt/ros/humble/include/rclcpp/rclcpp/memory_strategies.hpp:18[m[K,
[5.250s]                  from [01m[K/opt/ros/humble/include/rclcpp/rclcpp/executor_options.hpp:20[m[K,
[5.250s]                  from [01m[K/opt/ros/humble/include/rclcpp/rclcpp/executor.hpp:37[m[K,
[5.250s]                  from [01m[K/opt/ros/humble/include/rclcpp/rclcpp/executors/multi_threaded_executor.hpp:25[m[K,
[5.251s]                  from [01m[K/opt/ros/humble/include/rclcpp/rclcpp/executors.hpp:21[m[K,
[5.251s]                  from [01m[K/opt/ros/humble/include/rclcpp/rclcpp/rclcpp.hpp:155[m[K,
[5.251s]                  from [01m[K/home/lvy/arms_ws/src/learn_moveit/src/moveit_demo1.cpp:2[m[K:
[5.251s] [01m[K/home/lvy/arms_ws/src/learn_moveit/src/moveit_demo1.cpp:[m[K In function ‚Äò[01m[Kint main(int, char**)[m[K‚Äô:
[5.251s] [01m[K/home/lvy/arms_ws/src/learn_moveit/src/moveit_demo1.cpp:61:17:[m[K [01;31m[Kerror: [m[K‚Äò[01m[KLOGGER[m[K‚Äô was not declared in this scope
[5.251s]    61 |     RCLCPP_INFO([01;31m[KLOGGER[m[K,"ÂáÜÂ§áÈó≠ÂêàÂ§πÁà™...");
[5.251s]       |                 [01;31m[K^~~~~~[m[K
[5.251s] [01m[K/home/lvy/arms_ws/src/learn_moveit/src/moveit_demo1.cpp:61:5:[m[K [01;31m[Kerror: [m[Ktemplate argument 1 is invalid
[5.251s]    61 |     [01;31m[KRCLCPP_INFO[m[K(LOGGER,"ÂáÜÂ§áÈó≠ÂêàÂ§πÁà™...");
[5.251s]       |     [01;31m[K^~~~~~~~~~~[m[K
[5.269s] [01m[K/home/lvy/arms_ws/src/learn_moveit/src/moveit_demo1.cpp:62:5:[m[K [01;31m[Kerror: [m[K‚Äò[01m[Kmove_group_hand[m[K‚Äô was not declared in this scope
[5.269s]    62 |     [01;31m[Kmove_group_hand[m[K.setNameTarget("close");
[5.269s]       |     [01;31m[K^~~~~~~~~~~~~~~[m[K
[7.950s] gmake[2]: *** [CMakeFiles/moveit_demo1.dir/build.make:76ÔºöCMakeFiles/moveit_demo1.dir/src/moveit_demo1.cpp.o] ÈîôËØØ 1
[7.950s] gmake[1]: *** [CMakeFiles/Makefile2:165ÔºöCMakeFiles/moveit_demo1.dir/all] ÈîôËØØ 2
[7.951s] gmake: *** [Makefile:146Ôºöall] ÈîôËØØ 2
[7.961s] Invoked command in '/home/lvy/arms_ws/build/learn_moveit' returned '2': CMAKE_PREFIX_PATH=${CMAKE_PREFIX_PATH}:/opt/ros/humble /usr/bin/cmake --build /home/lvy/arms_ws/build/learn_moveit -- -j4 -l4
