[ 50%] Built target hello_moveit
[35m[1mConsolidate compiler generated dependencies of target moveit_demo1[0m
[ 75%] [32mBuilding CXX object CMakeFiles/moveit_demo1.dir/src/moveit_demo1.cpp.o[0m
[01m[K/home/lvy/arms_ws/src/learn_moveit/src/moveit_demo1.cpp:[m[K In function â€˜[01m[Kint main(int, char**)[m[Kâ€™:
[01m[K/home/lvy/arms_ws/src/learn_moveit/src/moveit_demo1.cpp:62:5:[m[K [01;31m[Kerror: [m[Kâ€˜[01m[Kmove_group_hand[m[Kâ€™ was not declared in this scope
   62 |     [01;31m[Kmove_group_hand[m[K.setNameTarget("close");
      |     [01;31m[K^~~~~~~~~~~~~~~[m[K
gmake[2]: *** [CMakeFiles/moveit_demo1.dir/build.make:76ï¼šCMakeFiles/moveit_demo1.dir/src/moveit_demo1.cpp.o] é”™è¯¯ 1
gmake[1]: *** [CMakeFiles/Makefile2:165ï¼šCMakeFiles/moveit_demo1.dir/all] é”™è¯¯ 2
gmake: *** [Makefile:146ï¼šall] é”™è¯¯ 2
