[0.024s] Invoking command in '/home/lvy/arms_ws/build/learn_moveit': CMAKE_PREFIX_PATH=${CMAKE_PREFIX_PATH}:/opt/ros/humble /usr/bin/cmake --build /home/lvy/arms_ws/build/learn_moveit -- -j4 -l4
[0.158s] [ 50%] Built target hello_moveit
[0.161s] [35m[1mConsolidate compiler generated dependencies of target moveit_demo1[0m
[0.183s] [ 75%] [32mBuilding CXX object CMakeFiles/moveit_demo1.dir/src/moveit_demo1.cpp.o[0m
[4.660s] [01m[K/home/lvy/arms_ws/src/learn_moveit/src/moveit_demo1.cpp:[m[K In function â€˜[01m[Kint main(int, char**)[m[Kâ€™:
[4.660s] [01m[K/home/lvy/arms_ws/src/learn_moveit/src/moveit_demo1.cpp:62:5:[m[K [01;31m[Kerror: [m[Kâ€˜[01m[Kmove_group_hand[m[Kâ€™ was not declared in this scope
[4.660s]    62 |     [01;31m[Kmove_group_hand[m[K.setNameTarget("close");
[4.660s]       |     [01;31m[K^~~~~~~~~~~~~~~[m[K
[7.058s] gmake[2]: *** [CMakeFiles/moveit_demo1.dir/build.make:76ï¼šCMakeFiles/moveit_demo1.dir/src/moveit_demo1.cpp.o] é”™è¯¯ 1
[7.059s] gmake[1]: *** [CMakeFiles/Makefile2:165ï¼šCMakeFiles/moveit_demo1.dir/all] é”™è¯¯ 2
[7.059s] gmake: *** [Makefile:146ï¼šall] é”™è¯¯ 2
[7.062s] Invoked command in '/home/lvy/arms_ws/build/learn_moveit' returned '2': CMAKE_PREFIX_PATH=${CMAKE_PREFIX_PATH}:/opt/ros/humble /usr/bin/cmake --build /home/lvy/arms_ws/build/learn_moveit -- -j4 -l4
